1636456201308	geckodriver	INFO	Listening on 127.0.0.1:59451
1636456204351	mozrunner::runner	INFO	Running command: "C:\\Program Files\\Mozilla Firefox\\firefox.exe" "--marionette" "--remote-debugging-port" "59452" "-no-remote" "-profile" "C:\\Users\\Asus\\AppData\\Local\\Temp\\rust_mozprofilea5cETk"
1636456204883	Marionette	INFO	Marionette enabled
console.warn: SearchSettings: "get: No settings file exists, new profile?" (new NotFoundError("Could not open the file at C:\\Users\\Asus\\AppData\\Local\\Temp\\rust_mozprofilea5cETk\\search.json.mozlz4", (void 0)))
DevTools listening on ws://localhost:59452/devtools/browser/a7d98b82-99e3-48ca-b5c7-a52bb8912432
1636456208043	Marionette	INFO	Listening on port 59462
1636456208567	RemoteAgent	WARN	TLS certificate errors will be ignored for this session
JavaScript warning: https://1050864291.rsc.cdn77.org/sites/zk/js/iteaud.163427262458.zk_joined.js, line 15: unreachable code after return statement
JavaScript warning: https://1050864291.rsc.cdn77.org/sites/zk/js/iteaud.163427262458.zk_joined.js, line 15: unreachable code after return statement
JavaScript warning: https://1050864291.rsc.cdn77.org/sites/zk/js/iteaud.163427262458.zk_joined.js, line 15: unreachable code after return statement
JavaScript warning: https://1050864291.rsc.cdn77.org/sites/zk/js/iteaud.163427262458.zk_joined.js, line 15: unreachable code after return statement
JavaScript warning: https://1050864291.rsc.cdn77.org/sites/zk/js/iteaud.163427262458.zk_joined.js, line 15: unreachable code after return statement
JavaScript warning: https://1050864291.rsc.cdn77.org/sites/zk/js/iteaud.163427262458.zk_joined.js, line 15: unreachable code after return statement
JavaScript warning: https://1050864291.rsc.cdn77.org/sites/zk/js/iteaud.163427262458.zk_joined.js, line 15: unreachable code after return statement
JavaScript warning: https://1050864291.rsc.cdn77.org/sites/zk/js/iteaud.163427262458.zk_joined.js, line 15: unreachable code after return statement
JavaScript warning: https://1050864291.rsc.cdn77.org/sites/zk/js/iteaud.163427262458.zk_joined.js, line 15: unreachable code after return statement
JavaScript warning: https://1050864291.rsc.cdn77.org/sites/zk/js/iteaud.163427262458.zk_joined.js, line 15: unreachable code after return statement
JavaScript warning: https://1050864291.rsc.cdn77.org/sites/zk/js/iteaud.163427262458.zk_joined.js, line 15: unreachable code after return statement
JavaScript warning: https://1050864291.rsc.cdn77.org/sites/zk/js/iteaud.163427262458.zk_joined.js, line 15: unreachable code after return statement
JavaScript warning: https://1050864291.rsc.cdn77.org/sites/zk/js/iteaud.163427262458.zk_joined.js, line 15: unreachable code after return statement
JavaScript warning: https://1050864291.rsc.cdn77.org/sites/zk/js/iteaud.163427262458.zk_joined.js, line 15: unreachable code after return statement
JavaScript warning: https://1050864291.rsc.cdn77.org/sites/zk/js/iteaud.163427262458.zk_joined.js, line 15: unreachable code after return statement
JavaScript warning: https://1050864291.rsc.cdn77.org/sites/zk/js/iteaud.163427262458.zk_joined.js, line 15: unreachable code after return statement
JavaScript warning: https://1050864291.rsc.cdn77.org/sites/zk/js/iteaud.163427262458.zk_joined.js, line 15: unreachable code after return statement
JavaScript warning: https://1050864291.rsc.cdn77.org/sites/zk/js/iteaud.163427262458.zk_joined.js, line 15: unreachable code after return statement
JavaScript warning: https://1050864291.rsc.cdn77.org/sites/zk/js/iteaud.163427262458.zk_joined.js, line 15: unreachable code after return statement
JavaScript warning: https://1050864291.rsc.cdn77.org/sites/zk/js/iteaud.163427262458.zk_joined.js, line 15: unreachable code after return statement
1636456338761	Marionette	INFO	Stopped listening on port 59462
console.warn: TopSitesFeed: Failed to fetch data from Contile server: NetworkError when attempting to fetch resource.
remote-debugging-port" "59591" "-no-remote" "-profile" "C:\\Users\\Asus\\AppData\\Local\\Temp\\rust_mozprofilegVIQFp"
1636456267283	Marionette	INFO	Marionette enabled
console.warn: SearchSettings: "get: No settings file exists, new profile?" (new NotFoundError("Could not open the file at C:\\Users\\Asus\\AppData\\Local\\Temp\\rust_mozprofilegVIQFp\\search.json.mozlz4", (void 0)))
DevTools listening on ws://localhost:59591/devtools/browser/7f1af8af-64d5-427d-a367-1b14c9632bc0
1636456272635	Marionette	INFO	Listening on port 59598
1636456272675	RemoteAgent	WARN	TLS certificate errors will be ignored for this session
JavaScript warning: https://1050864291.rsc.cdn77.org/sites/zk/js/iteaud.163427262458.zk_joined.js, line 15: unreachable code after return statement
JavaScript warning: https://1050864291.rsc.cdn77.org/sites/zk/js/iteaud.163427262458.zk_joined.js, line 15: unreachable code after return statement
JavaScript warning: https://1050864291.rsc.cdn77.org/sites/zk/js/iteaud.163427262458.zk_joined.js, line 15: unreachable code after return statement
JavaScript warning: https://1050864291.rsc.cdn77.org/sites/zk/js/iteaud.163427262458.zk_joined.js, line 15: unreachable code after return statement
JavaScript warning: https://1050864291.rsc.cdn77.org/sites/zk/js/iteaud.163427262458.zk_joined.js, line 15: unreachable code after return statement
JavaScript warning: https://1050864291.rsc.cdn77.org/sites/zk/js/iteaud.163427262458.zk_joined.js, line 15: unreachable code after return statement
JavaScript warning: https://1050864291.rsc.cdn77.org/sites/zk/js/iteaud.163427262458.zk_joined.js, line 15: unreachable code after return statement
JavaScript warning: https://1050864291.rsc.cdn77.org/sites/zk/js/iteaud.163427262458.zk_joined.js, line 15: unreachable code after return statement
JavaScript warning: https://1050864291.rsc.cdn77.org/sites/zk/js/iteaud.163427262458.zk_joined.js, line 15: unreachable code after return statement
JavaScript warning: https://1050864291.rsc.cdn77.org/sites/zk/js/iteaud.163427262458.zk_joined.js, line 15: unreachable code after return statement
JavaScript warning: https://1050864291.rsc.cdn77.org/sites/zk/js/iteaud.163427262458.zk_joined.js, line 15: unreachable code after return statement
JavaScript warning: https://1050864291.rsc.cdn77.org/sites/zk/js/iteaud.163427262458.zk_joined.js, line 15: unreachable code after return statement
JavaScript warning: https://1050864291.rsc.cdn77.org/sites/zk/js/iteaud.163427262458.zk_joined.js, line 15: unreachable code after return statement
JavaScript warning: https://1050864291.rsc.cdn77.org/sites/zk/js/iteaud.163427262458.zk_joined.js, line 15: unreachable code after return statement
JavaScript warning: https://1050864291.rsc.cdn77.org/sites/zk/js/iteaud.163427262458.zk_joined.js, line 15: unreachable code after return statement
JavaScript warning: https://1050864291.rsc.cdn77.org/sites/zk/js/iteaud.163427262458.zk_joined.js, line 15: unreachable code after return statement
JavaScript warning: https://1050864291.rsc.cdn77.org/sites/zk/js/iteaud.163427262458.zk_joined.js, line 15: unreachable code after return statement
JavaScript warning: https://1050864291.rsc.cdn77.org/sites/zk/js/iteaud.163427262458.zk_joined.js, line 15: unreachable code after return statement
JavaScript warning: https://1050864291.rsc.cdn77.org/sites/zk/js/iteaud.163427262458.zk_joined.js, line 15: unreachable code after return statement
JavaScript warning: https://1050864291.rsc.cdn77.org/sites/zk/js/iteaud.163427262458.zk_joined.js, line 15: unreachable code after return statement
1636456339955	Marionette	INFO	Stopped listening on port 59598
console.warn: TopSitesFeed: Failed to fetch data from Contile server: NetworkError when attempting to fetch resource.

###!!! [Parent][MessageChannel] Error: (msgtype=0x39007A,name=PContent::Msg_DestroyBrowsingContextGroup) Closed channel: cannot send/recv

INFO	Marionette enabled
console.warn: SearchSettings: "get: No settings file exists, new profile?" (new NotFoundError("Could not open the file at C:\\Users\\Asus\\AppData\\Local\\Temp\\rust_mozprofilejy0slU\\search.json.mozlz4", (void 0)))
DevTools listening on ws://localhost:59739/devtools/browser/4a0c5c62-2986-4c2c-8985-180d0453fc9a
1636456335763	Marionette	INFO	Listening on port 59746
1636456336140	RemoteAgent	WARN	TLS certificate errors will be ignored for this session
JavaScript warning: https://1050864291.rsc.cdn77.org/sites/zk/js/iteaud.163427262458.zk_joined.js, line 15: unreachable code after return statement
JavaScript warning: https://1050864291.rsc.cdn77.org/sites/zk/js/iteaud.163427262458.zk_joined.js, line 15: unreachable code after return statement
JavaScript warning: https://1050864291.rsc.cdn77.org/sites/zk/js/iteaud.163427262458.zk_joined.js, line 15: unreachable code after return statement
JavaScript warning: https://1050864291.rsc.cdn77.org/sites/zk/js/iteaud.163427262458.zk_joined.js, line 15: unreachable code after return statement
JavaScript warning: https://1050864291.rsc.cdn77.org/sites/zk/js/iteaud.163427262458.zk_joined.js, line 15: unreachable code after return statement
JavaScript warning: https://1050864291.rsc.cdn77.org/sites/zk/js/iteaud.163427262458.zk_joined.js, line 15: unreachable code after return statement
JavaScript warning: https://1050864291.rsc.cdn77.org/sites/zk/js/iteaud.163427262458.zk_joined.js, line 15: unreachable code after return statement
JavaScript warning: https://1050864291.rsc.cdn77.org/sites/zk/js/iteaud.163427262458.zk_joined.js, line 15: unreachable code after return statement
JavaScript warning: https://1050864291.rsc.cdn77.org/sites/zk/js/iteaud.163427262458.zk_joined.js, line 15: unreachable code after return statement
JavaScript warning: https://1050864291.rsc.cdn77.org/sites/zk/js/iteaud.163427262458.zk_joined.js, line 15: unreachable code after return statement
1636456424340	Marionette	INFO	Stopped listening on port 59746
console.warn: TopSitesFeed: Failed to fetch data from Contile server: NetworkError when attempting to fetch resource.

###!!! [Parent][MessageChannel] Error: (msgtype=0x39007A,name=PContent::Msg_DestroyBrowsingContextGroup) Closed channel: cannot send/recv

INFO	Marionette enabled
console.warn: SearchSettings: "get: No settings file exists, new profile?" (new NotFoundError("Could not open the file at C:\\Users\\Asus\\AppData\\Local\\Temp\\rust_mozprofilephTN10\\search.json.mozlz4", (void 0)))
DevTools listening on ws://localhost:59880/devtools/browser/f59c8bc7-06b1-430d-9c1f-628af540f211
1636456383329	Marionette	INFO	Listening on port 59887
1636456383451	RemoteAgent	WARN	TLS certificate errors will be ignored for this session
JavaScript warning: https://1050864291.rsc.cdn77.org/sites/zk/js/iteaud.163427262458.zk_joined.js, line 15: unreachable code after return statement
JavaScript warning: https://1050864291.rsc.cdn77.org/sites/zk/js/iteaud.163427262458.zk_joined.js, line 15: unreachable code after return statement
JavaScript warning: https://1050864291.rsc.cdn77.org/sites/zk/js/iteaud.163427262458.zk_joined.js, line 15: unreachable code after return statement
JavaScript warning: https://1050864291.rsc.cdn77.org/sites/zk/js/iteaud.163427262458.zk_joined.js, line 15: unreachable code after return statement
JavaScript warning: https://1050864291.rsc.cdn77.org/sites/zk/js/iteaud.163427262458.zk_joined.js, line 15: unreachable code after return statement
JavaScript warning: https://1050864291.rsc.cdn77.org/sites/zk/js/iteaud.163427262458.zk_joined.js, line 15: unreachable code after return statement
JavaScript warning: https://1050864291.rsc.cdn77.org/sites/zk/js/iteaud.163427262458.zk_joined.js, line 15: unreachable code after return statement
JavaScript warning: https://1050864291.rsc.cdn77.org/sites/zk/js/iteaud.163427262458.zk_joined.js, line 15: unreachable code after return statement
JavaScript warning: https://1050864291.rsc.cdn77.org/sites/zk/js/iteaud.163427262458.zk_joined.js, line 15: unreachable code after return statement
JavaScript warning: https://1050864291.rsc.cdn77.org/sites/zk/js/iteaud.163427262458.zk_joined.js, line 15: unreachable code after return statement
JavaScript warning: https://1050864291.rsc.cdn77.org/sites/zk/js/iteaud.163427262458.zk_joined.js, line 15: unreachable code after return statement
JavaScript warning: https://1050864291.rsc.cdn77.org/sites/zk/js/iteaud.163427262458.zk_joined.js, line 15: unreachable code after return statement
JavaScript warning: https://1050864291.rsc.cdn77.org/sites/zk/js/iteaud.163427262458.zk_joined.js, line 15: unreachable code after return statement
JavaScript warning: https://1050864291.rsc.cdn77.org/sites/zk/js/iteaud.163427262458.zk_joined.js, line 15: unreachable code after return statement
JavaScript warning: https://1050864291.rsc.cdn77.org/sites/zk/js/iteaud.163427262458.zk_joined.js, line 15: unreachable code after return statement
1636456425236	Marionette	INFO	Stopped listening on port 5988163console.warn: TopSitesFeed: Failed to fetch data from Contile server: NetworkError when attempting to fetch resource.
remote-debugging-port" "60016" "-no-remote" "-profile" "C:\\Users\\Asus\\AppData\\Local\\Temp\\rust_mozprofilezlsnkn"
1636456425964	Marionette	INFO	Marionette enabled
console.warn: SearchSettings: "get: No settings file exists, new profile?" (new NotFoundError("Could not open the file at C:\\Users\\Asus\\AppData\\Local\\Temp\\rust_mozprofilezlsnkn\\search.json.mozlz4", (void 0)))
DevTools listening on ws://localhost:60016/devtools/browser/883fb8ce-11d7-4c11-88cf-758b353f9d6e
1636456428680	Marionette	INFO	Listening on port 60024
1636456429007	RemoteAgent	WARN	TLS certificate errors will be ignored for this session
JavaScript warning: https://1050864291.rsc.cdn77.org/sites/zk/js/iteaud.163427262458.zk_joined.js, line 15: unreachable code after return statement
JavaScript warning: https://1050864291.rsc.cdn77.org/sites/zk/js/iteaud.163427262458.zk_joined.js, line 15: unreachable code after return statement
JavaScript warning: https://1050864291.rsc.cdn77.org/sites/zk/js/iteaud.163427262458.zk_joined.js, line 15: unreachable code after return statement
JavaScript warning: https://1050864291.rsc.cdn77.org/sites/zk/js/iteaud.163427262458.zk_joined.js, line 15: unreachable code after return statement
JavaScript warning: https://1050864291.rsc.cdn77.org/sites/zk/js/iteaud.163427262458.zk_joined.js, line 15: unreachable code after return statement
JavaScript warning: https://1050864291.rsc.cdn77.org/sites/zk/js/iteaud.163427262458.zk_joined.js, line 15: unreachable code after return statement
JavaScript warning: https://1050864291.rsc.cdn77.org/sites/zk/js/iteaud.163427262458.zk_joined.js, line 15: unreachable code after return statement
JavaScript warning: https://1050864291.rsc.cdn77.org/sites/zk/js/iteaud.163427262458.zk_joined.js, line 15: unreachable code after return statement
JavaScript warning: https://1050864291.rsc.cdn77.org/sites/zk/js/iteaud.163427262458.zk_joined.js, line 15: unreachable code after return statement
JavaScript warning: https://1050864291.rsc.cdn77.org/sites/zk/js/iteaud.163427262458.zk_joined.js, line 15: unreachable code after return statement
JavaScript warning: https://1050864291.rsc.cdn77.org/sites/zk/js/iteaud.163427262458.zk_joined.js, line 15: unreachable code after return statement
JavaScript warning: https://1050864291.rsc.cdn77.org/sites/zk/js/iteaud.163427262458.zk_joined.js, line 15: unreachable code after return statement
JavaScript warning: https://1050864291.rsc.cdn77.org/sites/zk/js/iteaud.163427262458.zk_joined.js, line 15: unreachable code after return statement
JavaScript warning: https://1050864291.rsc.cdn77.org/sites/zk/js/iteaud.163427262458.zk_joined.js, line 15: unreachable code after return statement
JavaScript warning: https://1050864291.rsc.cdn77.org/sites/zk/js/iteaud.163427262458.zk_joined.js, line 15: unreachable code after return statement
JavaScript warning: https://1050864291.rsc.cdn77.org/sites/zk/js/iteaud.163427262458.zk_joined.js, line 15: unreachable code after return statement
JavaScript warning: https://1050864291.rsc.cdn77.org/sites/zk/js/iteaud.163427262458.zk_joined.js, line 15: unreachable code after return statement
JavaScript warning: https://1050864291.rsc.cdn77.org/sites/zk/js/iteaud.163427262458.zk_joined.js, line 15: unreachable code after return statement
JavaScript warning: https://1050864291.rsc.cdn77.org/sites/zk/js/iteaud.163427262458.zk_joined.js, line 15: unreachable code after return statement
JavaScript warning: https://1050864291.rsc.cdn77.org/sites/zk/js/iteaud.163427262458.zk_joined.js, line 15: unreachable code after return statement
1636456524457	Marionette	INFO	Stopped listening on port 60024
console.warn: TopSitesFeed: Failed to fetch data from Contile server: NetworkError when attempting to fetch resource.
remote-debugging-port" "60210" "-no-remote" "-profile" "C:\\Users\\Asus\\AppData\\Local\\Temp\\rust_mozprofile5EXR9j"
1636456517981	Marionette	INFO	Marionette enabled
console.warn: SearchSettings: "get: No settings file exists, new profile?" (new NotFoundError("Could not open the file at C:\\Users\\Asus\\AppData\\Local\\Temp\\rust_mozprofile5EXR9j\\search.json.mozlz4", (void 0)))
DevTools listening on ws://localhost:60210/devtools/browser/a2a86a73-942e-4112-9103-de3c8c3e4788
1636456520643	Marionette	INFO	Listening on port 60217
1636456520747	RemoteAgent	WARN	TLS certificate errors will be ignored for this session
JavaScript warning: https://1050864291.rsc.cdn77.org/sites/zk/js/iteaud.163427262458.zk_joined.js, line 15: unreachable code after return statement
JavaScript warning: https://1050864291.rsc.cdn77.org/sites/zk/js/iteaud.163427262458.zk_joined.js, line 15: unreachable code after return statement
JavaScript warning: https://1050864291.rsc.cdn77.org/sites/zk/js/iteaud.163427262458.zk_joined.js, line 15: unreachable code after return statement
JavaScript warning: https://1050864291.rsc.cdn77.org/sites/zk/js/iteaud.163427262458.zk_joined.js, line 15: unreachable code after return statement
JavaScript warning: https://1050864291.rsc.cdn77.org/sites/zk/js/iteaud.163427262458.zk_joined.js, line 15: unreachable code after return statement
JavaScript warning: https://1050864291.rsc.cdn77.org/sites/zk/js/iteaud.163427262458.zk_joined.js, line 15: unreachable code after return statement
JavaScript warning: https://1050864291.rsc.cdn77.org/sites/zk/js/iteaud.163427262458.zk_joined.js, line 15: unreachable code after return statement
JavaScript warning: https://1050864291.rsc.cdn77.org/sites/zk/js/iteaud.163427262458.zk_joined.js, line 15: unreachable code after return statement
JavaScript warning: https://1050864291.rsc.cdn77.org/sites/zk/js/iteaud.163427262458.zk_joined.js, line 15: unreachable code after return statement
JavaScript warning: https://1050864291.rsc.cdn77.org/sites/zk/js/iteaud.163427262458.zk_joined.js, line 15: unreachable code after return statement
JavaScript warning: https://1050864291.rsc.cdn77.org/sites/zk/js/iteaud.163427262458.zk_joined.js, line 15: unreachable code after return statement
JavaScript warning: https://1050864291.rsc.cdn77.org/sites/zk/js/iteaud.163427262458.zk_joined.js, line 15: unreachable code after return statement
JavaScript warning: https://1050864291.rsc.cdn77.org/sites/zk/js/iteaud.163427262458.zk_joined.js, line 15: unreachable code after return statement
JavaScript warning: https://1050864291.rsc.cdn77.org/sites/zk/js/iteaud.163427262458.zk_joined.js, line 15: unreachable code after return statement
JavaScript warning: https://1050864291.rsc.cdn77.org/sites/zk/js/iteaud.163427262458.zk_joined.js, line 15: unreachable code after return statement
JavaScript warning: https://1050864291.rsc.cdn77.org/sites/zk/js/iteaud.163427262458.zk_joined.js, line 15: unreachable code after return statement
JavaScript warning: https://1050864291.rsc.cdn77.org/sites/zk/js/iteaud.163427262458.zk_joined.js, line 15: unreachable code after return statement
JavaScript warning: https://1050864291.rsc.cdn77.org/sites/zk/js/iteaud.163427262458.zk_joined.js, line 15: unreachable code after return statement
JavaScript warning: https://1050864291.rsc.cdn77.org/sites/zk/js/iteaud.163427262458.zk_joined.js, line 15: unreachable code after return statement
JavaScript warning: https://1050864291.rsc.cdn77.org/sites/zk/js/iteaud.163427262458.zk_joined.js, line 15: unreachable code after return statement
1636456669394	Marionette	INFO	Stopped listening on port 60217
console.warn: TopSitesFeed: Failed to fetch data from Contile server: NetworkError when attempting to fetch resource.
remote-debugging-port" "60388" "-no-remote" "-profile" "C:\\Users\\Asus\\AppData\\Local\\Temp\\rust_mozprofile3HA5CI"
1636456604096	Marionette	INFO	Marionette enabled
console.warn: SearchSettings: "get: No settings file exists, new profile?" (new NotFoundError("Could not open the file at C:\\Users\\Asus\\AppData\\Local\\Temp\\rust_mozprofile3HA5CI\\search.json.mozlz4", (void 0)))
DevTools listening on ws://localhost:60388/devtools/browser/b5954bf0-b7be-47e9-85fc-b7db5818fe7e
1636456606894	Marionette	INFO	Listening on port 60398
1636456607403	RemoteAgent	WARN	TLS certificate errors will be ignored for this session
JavaScript warning: https://1050864291.rsc.cdn77.org/sites/zk/js/iteaud.163427262458.zk_joined.js, line 15: unreachable code after return statement
JavaScript warning: https://1050864291.rsc.cdn77.org/sites/zk/js/iteaud.163427262458.zk_joined.js, line 15: unreachable code after return statement
JavaScript warning: https://1050864291.rsc.cdn77.org/sites/zk/js/iteaud.163427262458.zk_joined.js, line 15: unreachable code after return statement
JavaScript warning: https://1050864291.rsc.cdn77.org/sites/zk/js/iteaud.163427262458.zk_joined.js, line 15: unreachable code after return statement
JavaScript warning: https://1050864291.rsc.cdn77.org/sites/zk/js/iteaud.163427262458.zk_joined.js, line 15: unreachable code after return statement
JavaScript warning: https://1050864291.rsc.cdn77.org/sites/zk/js/iteaud.163427262458.zk_joined.js, line 15: unreachable code after return statement
JavaScript warning: https://1050864291.rsc.cdn77.org/sites/zk/js/iteaud.163427262458.zk_joined.js, line 15: unreachable code after return statement
JavaScript warning: https://1050864291.rsc.cdn77.org/sites/zk/js/iteaud.163427262458.zk_joined.js, line 15: unreachable code after return statement
JavaScript warning: https://1050864291.rsc.cdn77.org/sites/zk/js/iteaud.163427262458.zk_joined.js, line 15: unreachable code after return statement
JavaScript warning: https://1050864291.rsc.cdn77.org/sites/zk/js/iteaud.163427262458.zk_joined.js, line 15: unreachable code after return statement
JavaScript warning: https://1050864291.rsc.cdn77.org/sites/zk/js/iteaud.163427262458.zk_joined.js, line 15: unreachable code after return statement
JavaScript warning: https://1050864291.rsc.cdn77.org/sites/zk/js/iteaud.163427262458.zk_joined.js, line 15: unreachable code after return statement
JavaScript warning: https://1050864291.rsc.cdn77.org/sites/zk/js/iteaud.163427262458.zk_joined.js, line 15: unreachable code after return statement
JavaScript warning: https://1050864291.rsc.cdn77.org/sites/zk/js/iteaud.163427262458.zk_joined.js, line 15: unreachable code after return statement
JavaScript warning: https://1050864291.rsc.cdn77.org/sites/zk/js/iteaud.163427262458.zk_joined.js, line 15: unreachable code after return statement
JavaScript warning: https://1050864291.rsc.cdn77.org/sites/zk/js/iteaud.163427262458.zk_joined.js, line 15: unreachable code after return statement
JavaScript warning: https://1050864291.rsc.cdn77.org/sites/zk/js/iteaud.163427262458.zk_joined.js, line 15: unreachable code after return statement
JavaScript warning: https://1050864291.rsc.cdn77.org/sites/zk/js/iteaud.163427262458.zk_joined.js, line 15: unreachable code after return statement
JavaScript warning: https://1050864291.rsc.cdn77.org/sites/zk/js/iteaud.163427262458.zk_joined.js, line 15: unreachable code after return statement
JavaScript warning: https://1050864291.rsc.cdn77.org/sites/zk/js/iteaud.163427262458.zk_joined.js, line 15: unreachable code after return statement
1636456670366	Marionette	INFO	Stopped listening on port 60398
console.warn: TopSitesFeed: Failed to fetch data from Contile server: NetworkError when attempting to fetch resource.
remote-debugging-port" "60534" "-no-remote" "-profile" "C:\\Users\\Asus\\AppData\\Local\\Temp\\rust_mozprofilepoaw3N"
1636456667210	Marionette	INFO	Marionette enabled
console.warn: SearchSettings: "get: No settings file exists, new profile?" (new NotFoundError("Could not open the file at C:\\Users\\Asus\\AppData\\Local\\Temp\\rust_mozprofilepoaw3N\\search.json.mozlz4", (void 0)))
DevTools listening on ws://localhost:60534/devtools/browser/4ec03ddf-6a25-4bc6-826d-428bf7a8004b
1636456671376	Marionette	INFO	Listening on port 60547
1636456671459	RemoteAgent	WARN	TLS certificate errors will be ignored for this session
JavaScript warning: https://1050864291.rsc.cdn77.org/sites/zk/js/iteaud.163427262458.zk_joined.js, line 15: unreachable code after return statement
JavaScript warning: https://1050864291.rsc.cdn77.org/sites/zk/js/iteaud.163427262458.zk_joined.js, line 15: unreachable code after return statement
JavaScript warning: https://1050864291.rsc.cdn77.org/sites/zk/js/iteaud.163427262458.zk_joined.js, line 15: unreachable code after return statement
JavaScript warning: https://1050864291.rsc.cdn77.org/sites/zk/js/iteaud.163427262458.zk_joined.js, line 15: unreachable code after return statement
JavaScript warning: https://1050864291.rsc.cdn77.org/sites/zk/js/iteaud.163427262458.zk_joined.js, line 15: unreachable code after return statement
JavaScript warning: https://1050864291.rsc.cdn77.org/sites/zk/js/iteaud.163427262458.zk_joined.js, line 15: unreachable code after return statement
JavaScript warning: https://1050864291.rsc.cdn77.org/sites/zk/js/iteaud.163427262458.zk_joined.js, line 15: unreachable code after return statement
JavaScript warning: https://1050864291.rsc.cdn77.org/sites/zk/js/iteaud.163427262458.zk_joined.js, line 15: unreachable code after return statement
JavaScript warning: https://1050864291.rsc.cdn77.org/sites/zk/js/iteaud.163427262458.zk_joined.js, line 15: unreachable code after return statement
JavaScript warning: https://1050864291.rsc.cdn77.org/sites/zk/js/iteaud.163427262458.zk_joined.js, line 15: unreachable code after return statement
JavaScript warning: https://1050864291.rsc.cdn77.org/sites/zk/js/iteaud.163427262458.zk_joined.js, line 15: unreachable code after return statement
JavaScript warning: https://1050864291.rsc.cdn77.org/sites/zk/js/iteaud.163427262458.zk_joined.js, line 15: unreachable code after return statement
JavaScript warning: https://1050864291.rsc.cdn77.org/sites/zk/js/iteaud.163427262458.zk_joined.js, line 15: unreachable code after return statement
JavaScript warning: https://1050864291.rsc.cdn77.org/sites/zk/js/iteaud.163427262458.zk_joined.js, line 15: unreachable code after return statement
JavaScript warning: https://1050864291.rsc.cdn77.org/sites/zk/js/iteaud.163427262458.zk_joined.js, line 15: unreachable code after return statement
JavaScript warning: https://1050864291.rsc.cdn77.org/sites/zk/js/iteaud.163427262458.zk_joined.js, line 15: unreachable code after return statement
JavaScript warning: https://1050864291.rsc.cdn77.org/sites/zk/js/iteaud.163427262458.zk_joined.js, line 15: unreachable code after return statement
JavaScript warning: https://1050864291.rsc.cdn77.org/sites/zk/js/iteaud.163427262458.zk_joined.js, line 15: unreachable code after return statement
JavaScript warning: https://1050864291.rsc.cdn77.org/sites/zk/js/iteaud.163427262458.zk_joined.js, line 15: unreachable code after return statement
JavaScript warning: https://1050864291.rsc.cdn77.org/sites/zk/js/iteaud.163427262458.zk_joined.js, line 15: unreachable code after return statement
